[0515/163335.714:ERROR:process_memory_win.cc(73)] ReadMemory at 0x1e3f73d0750 of 72 bytes failed: Only part of a ReadProcessMemory or WriteProcessMemory request was completed. (0x12B)
[0515/163335.714:WARNING:pe_image_annotations_reader.cc(134)] could not read annotations list object in C:\Program Files (x86)\Google\Chrome\Application\81.0.4044.138\chrome_elf.dll
[0515/163335.715:ERROR:process_memory_win.cc(73)] ReadMemory at 0x1e3f77f5960 of 72 bytes failed: Only part of a ReadProcessMemory or WriteProcessMemory request was completed. (0x12B)
[0515/163335.715:WARNING:pe_image_annotations_reader.cc(134)] could not read annotations list object in C:\Program Files (x86)\Google\Chrome\Application\81.0.4044.138\chrome.dll
[0515/163335.715:ERROR:process_memory_win.cc(73)] ReadMemory at 0x1e3f8d50000 of 64 bytes failed: Only part of a ReadProcessMemory or WriteProcessMemory request was completed. (0x12B)
[0515/163335.716:WARNING:pe_image_reader.cc(340)] could not read dos header from C:\windows\System32\USER32.dll
[0515/163335.721:ERROR:process_memory_win.cc(73)] ReadMemory at 0x1e3f73d0750 of 72 bytes failed: Only part of a ReadProcessMemory or WriteProcessMemory request was completed. (0x12B)
[0515/163335.721:WARNING:pe_image_annotations_reader.cc(134)] could not read annotations list object in C:\Program Files (x86)\Google\Chrome\Application\81.0.4044.138\chrome_elf.dll
[0515/163335.721:ERROR:process_memory_win.cc(73)] ReadMemory at 0x1e3f77f5960 of 72 bytes failed: Only part of a ReadProcessMemory or WriteProcessMemory request was completed. (0x12B)
[0515/163335.721:WARNING:pe_image_annotations_reader.cc(134)] could not read annotations list object in C:\Program Files (x86)\Google\Chrome\Application\81.0.4044.138\chrome.dll
[0515/163335.722:ERROR:process_memory_win.cc(73)] ReadMemory at 0x1e3f8d50000 of 64 bytes failed: Only part of a ReadProcessMemory or WriteProcessMemory request was completed. (0x12B)
[0515/163335.722:WARNING:pe_image_reader.cc(340)] could not read dos header from C:\windows\System32\USER32.dll
[0515/163335.722:ERROR:process_memory_win.cc(73)] ReadMemory at 0x1e3f73d0750 of 72 bytes failed: Only part of a ReadProcessMemory or WriteProcessMemory request was completed. (0x12B)
[0515/163335.722:WARNING:pe_image_annotations_reader.cc(134)] could not read annotations list object in C:\Program Files (x86)\Google\Chrome\Application\81.0.4044.138\chrome_elf.dll
[0515/163335.723:ERROR:process_memory_win.cc(73)] ReadMemory at 0x1e3f77f5960 of 72 bytes failed: Only part of a ReadProcessMemory or WriteProcessMemory request was completed. (0x12B)
[0515/163335.723:WARNING:pe_image_annotations_reader.cc(134)] could not read annotations list object in C:\Program Files (x86)\Google\Chrome\Application\81.0.4044.138\chrome.dll
[0515/163335.723:ERROR:process_memory_win.cc(73)] ReadMemory at 0x1e3f8d50000 of 64 bytes failed: Only part of a ReadProcessMemory or WriteProcessMemory request was completed. (0x12B)
[0515/163335.723:WARNING:pe_image_reader.cc(340)] could not read dos header from C:\windows\System32\USER32.dll
[0515/163335.734:ERROR:process_memory_win.cc(73)] ReadMemory at 0x5541ded000 of 77824 bytes failed: Only part of a ReadProcessMemory or WriteProcessMemory request was completed. (0x12B)
[0515/163335.734:ERROR:process_memory_win.cc(73)] ReadMemory at 0x55425fd000 of 12288 bytes failed: Only part of a ReadProcessMemory or WriteProcessMemory request was completed. (0x12B)
[0515/163335.734:ERROR:process_memory_win.cc(73)] ReadMemory at 0x5542df4000 of 49152 bytes failed: Only part of a ReadProcessMemory or WriteProcessMemory request was completed. (0x12B)
[0515/163335.734:ERROR:process_memory_win.cc(73)] ReadMemory at 0x55435fc000 of 16384 bytes failed: Only part of a ReadProcessMemory or WriteProcessMemory request was completed. (0x12B)
[0515/163335.734:ERROR:process_memory_win.cc(73)] ReadMemory at 0x5543dfc000 of 16384 bytes failed: Only part of a ReadProcessMemory or WriteProcessMemory request was completed. (0x12B)
[0515/163335.734:ERROR:process_memory_win.cc(73)] ReadMemory at 0x55445fe000 of 8192 bytes failed: Only part of a ReadProcessMemory or WriteProcessMemory request was completed. (0x12B)
[0515/163335.734:ERROR:process_memory_win.cc(73)] ReadMemory at 0x5544dfd000 of 12288 bytes failed: Only part of a ReadProcessMemory or WriteProcessMemory request was completed. (0x12B)
[0515/163335.734:ERROR:process_memory_win.cc(73)] ReadMemory at 0x55455fb000 of 20480 bytes failed: Only part of a ReadProcessMemory or WriteProcessMemory request was completed. (0x12B)
[0515/163335.734:ERROR:process_memory_win.cc(73)] ReadMemory at 0x5545dfd000 of 12288 bytes failed: Only part of a ReadProcessMemory or WriteProcessMemory request was completed. (0x12B)
[0515/163335.734:ERROR:process_memory_win.cc(73)] ReadMemory at 0x55465fd000 of 12288 bytes failed: Only part of a ReadProcessMemory or WriteProcessMemory request was completed. (0x12B)
[0515/163335.734:ERROR:process_memory_win.cc(73)] ReadMemory at 0x5546dfd000 of 12288 bytes failed: Only part of a ReadProcessMemory or WriteProcessMemory request was completed. (0x12B)
[0515/163335.734:ERROR:process_memory_win.cc(73)] ReadMemory at 0x55475fd000 of 12288 bytes failed: Only part of a ReadProcessMemory or WriteProcessMemory request was completed. (0x12B)
[0515/163335.734:ERROR:process_memory_win.cc(73)] ReadMemory at 0x5547dfd000 of 12288 bytes failed: Only part of a ReadProcessMemory or WriteProcessMemory request was completed. (0x12B)
[0515/163335.734:ERROR:process_memory_win.cc(73)] ReadMemory at 0x55485f9000 of 28672 bytes failed: Only part of a ReadProcessMemory or WriteProcessMemory request was completed. (0x12B)
[0515/163335.734:ERROR:process_memory_win.cc(73)] ReadMemory at 0x5548df4000 of 49152 bytes failed: Only part of a ReadProcessMemory or WriteProcessMemory request was completed. (0x12B)
[0515/163335.734:ERROR:process_memory_win.cc(73)] ReadMemory at 0x55414cc000 of 852 bytes failed: Only part of a ReadProcessMemory or WriteProcessMemory request was completed. (0x12B)
[0515/163335.734:ERROR:process_memory_win.cc(73)] ReadMemory at 0x55414cd000 of 6024 bytes failed: Only part of a ReadProcessMemory or WriteProcessMemory request was completed. (0x12B)
[0515/163335.735:ERROR:process_memory_win.cc(73)] ReadMemory at 0x55414cf000 of 6024 bytes failed: Only part of a ReadProcessMemory or WriteProcessMemory request was completed. (0x12B)
[0515/163335.735:ERROR:process_memory_win.cc(73)] ReadMemory at 0x55414d1000 of 6024 bytes failed: Only part of a ReadProcessMemory or WriteProcessMemory request was completed. (0x12B)
[0515/163335.735:ERROR:process_memory_win.cc(73)] ReadMemory at 0x55414d3000 of 6024 bytes failed: Only part of a ReadProcessMemory or WriteProcessMemory request was completed. (0x12B)
[0515/163335.735:ERROR:process_memory_win.cc(73)] ReadMemory at 0x55414d5000 of 6024 bytes failed: Only part of a ReadProcessMemory or WriteProcessMemory request was completed. (0x12B)
[0515/163335.735:ERROR:process_memory_win.cc(73)] ReadMemory at 0x55414d7000 of 6024 bytes failed: Only part of a ReadProcessMemory or WriteProcessMemory request was completed. (0x12B)
[0515/163335.735:ERROR:process_memory_win.cc(73)] ReadMemory at 0x55414d9000 of 6024 bytes failed: Only part of a ReadProcessMemory or WriteProcessMemory request was completed. (0x12B)
[0515/163335.735:ERROR:process_memory_win.cc(73)] ReadMemory at 0x55414db000 of 6024 bytes failed: Only part of a ReadProcessMemory or WriteProcessMemory request was completed. (0x12B)
[0515/163335.735:ERROR:process_memory_win.cc(73)] ReadMemory at 0x55414dd000 of 6024 bytes failed: Only part of a ReadProcessMemory or WriteProcessMemory request was completed. (0x12B)
[0515/163335.735:ERROR:process_memory_win.cc(73)] ReadMemory at 0x55414df000 of 6024 bytes failed: Only part of a ReadProcessMemory or WriteProcessMemory request was completed. (0x12B)
[0515/163335.735:ERROR:process_memory_win.cc(73)] ReadMemory at 0x55414e1000 of 6024 bytes failed: Only part of a ReadProcessMemory or WriteProcessMemory request was completed. (0x12B)
[0515/163335.735:ERROR:process_memory_win.cc(73)] ReadMemory at 0x55414e3000 of 6024 bytes failed: Only part of a ReadProcessMemory or WriteProcessMemory request was completed. (0x12B)
[0515/163335.736:ERROR:process_memory_win.cc(73)] ReadMemory at 0x55414e5000 of 6024 bytes failed: Only part of a ReadProcessMemory or WriteProcessMemory request was completed. (0x12B)
[0515/163335.736:ERROR:process_memory_win.cc(73)] ReadMemory at 0x55414e7000 of 6024 bytes failed: Only part of a ReadProcessMemory or WriteProcessMemory request was completed. (0x12B)
[0515/163335.736:ERROR:process_memory_win.cc(73)] ReadMemory at 0x55414e9000 of 6024 bytes failed: Only part of a ReadProcessMemory or WriteProcessMemory request was completed. (0x12B)
[0515/163335.736:ERROR:process_memory_win.cc(73)] ReadMemory at 0x1e3f70f0e80 of 512 bytes failed: Only part of a ReadProcessMemory or WriteProcessMemory request was completed. (0x12B)
[0515/163335.736:ERROR:process_memory_win.cc(73)] ReadMemory at 0x1e3f7110750 of 80 bytes failed: Only part of a ReadProcessMemory or WriteProcessMemory request was completed. (0x12B)
[0515/163335.736:ERROR:process_memory_win.cc(73)] ReadMemory at 0x1e3f7110fe0 of 4070 bytes failed: Only part of a ReadProcessMemory or WriteProcessMemory request was completed. (0x12B)
[0515/163335.736:ERROR:process_memory_win.cc(73)] ReadMemory at 0x1e3f7111fd0 of 1012 bytes failed: Only part of a ReadProcessMemory or WriteProcessMemory request was completed. (0x12B)
[0515/163335.736:ERROR:process_memory_win.cc(73)] ReadMemory at 0x1e3f7112618 of 118 bytes failed: Only part of a ReadProcessMemory or WriteProcessMemory request was completed. (0x12B)
[0515/163335.736:ERROR:process_memory_win.cc(73)] ReadMemory at 0x1e3f7112690 of 1260 bytes failed: Only part of a ReadProcessMemory or WriteProcessMemory request was completed. (0x12B)
[0515/163335.737:ERROR:process_memory_win.cc(73)] ReadMemory at 0x1e3f7112b7e of 118 bytes failed: Only part of a ReadProcessMemory or WriteProcessMemory request was completed. (0x12B)
[0515/163335.737:ERROR:process_memory_win.cc(73)] ReadMemory at 0x1e3f7112bf6 of 96 bytes failed: Only part of a ReadProcessMemory or WriteProcessMemory request was completed. (0x12B)
[0515/163335.737:ERROR:process_memory_win.cc(73)] ReadMemory at 0x1e3f7112c70 of 58 bytes failed: Only part of a ReadProcessMemory or WriteProcessMemory request was completed. (0x12B)
[0515/163335.737:ERROR:process_memory_win.cc(73)] ReadMemory at 0x1e3f7112d70 of 132 bytes failed: Only part of a ReadProcessMemory or WriteProcessMemory request was completed. (0x12B)
[0515/163335.737:ERROR:process_memory_win.cc(73)] ReadMemory at 0x1e3f7112f00 of 132 bytes failed: Only part of a ReadProcessMemory or WriteProcessMemory request was completed. (0x12B)
[0515/163335.737:ERROR:process_memory_win.cc(73)] ReadMemory at 0x1e3f71130c0 of 126 bytes failed: Only part of a ReadProcessMemory or WriteProcessMemory request was completed. (0x12B)
[0515/163335.738:ERROR:process_memory_win.cc(73)] ReadMemory at 0x1e3f71134a0 of 132 bytes failed: Only part of a ReadProcessMemory or WriteProcessMemory request was completed. (0x12B)
[0515/163335.738:ERROR:process_memory_win.cc(73)] ReadMemory at 0x1e3f7113630 of 64 bytes failed: Only part of a ReadProcessMemory or WriteProcessMemory request was completed. (0x12B)
[0515/163335.738:ERROR:process_memory_win.cc(73)] ReadMemory at 0x1e3f7113760 of 132 bytes failed: Only part of a ReadProcessMemory or WriteProcessMemory request was completed. (0x12B)
[0515/163335.738:ERROR:process_memory_win.cc(73)] ReadMemory at 0x1e3f7113a90 of 132 bytes failed: Only part of a ReadProcessMemory or WriteProcessMemory request was completed. (0x12B)
[0515/163335.738:ERROR:process_memory_win.cc(73)] ReadMemory at 0x1e3f7113c20 of 68 bytes failed: Only part of a ReadProcessMemory or WriteProcessMemory request was completed. (0x12B)
[0515/163335.738:ERROR:process_memory_win.cc(73)] ReadMemory at 0x1e3f7114d00 of 132 bytes failed: Only part of a ReadProcessMemory or WriteProcessMemory request was completed. (0x12B)
[0515/163335.738:ERROR:process_memory_win.cc(73)] ReadMemory at 0x1e3f7114e70 of 132 bytes failed: Only part of a ReadProcessMemory or WriteProcessMemory request was completed. (0x12B)
[0515/163335.738:ERROR:process_memory_win.cc(73)] ReadMemory at 0x1e3f7114fd0 of 154 bytes failed: Only part of a ReadProcessMemory or WriteProcessMemory request was completed. (0x12B)
[0515/163335.738:ERROR:process_memory_win.cc(73)] ReadMemory at 0x1e3f7115d50 of 62 bytes failed: Only part of a ReadProcessMemory or WriteProcessMemory request was completed. (0x12B)
[0515/163335.738:ERROR:process_memory_win.cc(73)] ReadMemory at 0x1e3f7115da0 of 132 bytes failed: Only part of a ReadProcessMemory or WriteProcessMemory request was completed. (0x12B)
[0515/163335.738:ERROR:process_memory_win.cc(73)] ReadMemory at 0x1e3f7115f40 of 60 bytes failed: Only part of a ReadProcessMemory or WriteProcessMemory request was completed. (0x12B)
[0515/163335.738:ERROR:process_memory_win.cc(73)] ReadMemory at 0x1e3f71164b0 of 132 bytes failed: Only part of a ReadProcessMemory or WriteProcessMemory request was completed. (0x12B)
[0515/163335.738:ERROR:process_memory_win.cc(73)] ReadMemory at 0x1e3f7118270 of 132 bytes failed: Only part of a ReadProcessMemory or WriteProcessMemory request was completed. (0x12B)
[0515/163335.738:ERROR:process_memory_win.cc(73)] ReadMemory at 0x1e3f711b170 of 64 bytes failed: Only part of a ReadProcessMemory or WriteProcessMemory request was completed. (0x12B)
[0515/163335.738:ERROR:process_memory_win.cc(73)] ReadMemory at 0x1e3f711b1c0 of 60 bytes failed: Only part of a ReadProcessMemory or WriteProcessMemory request was completed. (0x12B)
[0515/163335.738:ERROR:process_memory_win.cc(73)] ReadMemory at 0x1e3f711b260 of 62 bytes failed: Only part of a ReadProcessMemory or WriteProcessMemory request was completed. (0x12B)
[0515/163335.738:ERROR:process_memory_win.cc(73)] ReadMemory at 0x1e3f711b580 of 60 bytes failed: Only part of a ReadProcessMemory or WriteProcessMemory request was completed. (0x12B)
[0515/163335.738:ERROR:process_memory_win.cc(73)] ReadMemory at 0x1e3f711b6c0 of 64 bytes failed: Only part of a ReadProcessMemory or WriteProcessMemory request was completed. (0x12B)
[0515/163335.739:ERROR:process_memory_win.cc(73)] ReadMemory at 0x1e3f711b760 of 66 bytes failed: Only part of a ReadProcessMemory or WriteProcessMemory request was completed. (0x12B)
[0515/163335.739:ERROR:process_memory_win.cc(73)] ReadMemory at 0x1e3f711b800 of 62 bytes failed: Only part of a ReadProcessMemory or WriteProcessMemory request was completed. (0x12B)
[0515/163335.739:ERROR:process_memory_win.cc(73)] ReadMemory at 0x1e3f711b850 of 64 bytes failed: Only part of a ReadProcessMemory or WriteProcessMemory request was completed. (0x12B)
[0515/163335.739:ERROR:process_memory_win.cc(73)] ReadMemory at 0x1e3f711b8a0 of 64 bytes failed: Only part of a ReadProcessMemory or WriteProcessMemory request was completed. (0x12B)
[0515/163335.739:ERROR:process_memory_win.cc(73)] ReadMemory at 0x1e3f711b980 of 132 bytes failed: Only part of a ReadProcessMemory or WriteProcessMemory request was completed. (0x12B)
[0515/163335.739:ERROR:process_memory_win.cc(73)] ReadMemory at 0x1e3f711bab0 of 132 bytes failed: Only part of a ReadProcessMemory or WriteProcessMemory request was completed. (0x12B)
[0515/163335.739:ERROR:process_memory_win.cc(73)] ReadMemory at 0x1e3f711bbe0 of 132 bytes failed: Only part of a ReadProcessMemory or WriteProcessMemory request was completed. (0x12B)
[0515/163335.739:ERROR:process_memory_win.cc(73)] ReadMemory at 0x1e3f711bd10 of 132 bytes failed: Only part of a ReadProcessMemory or WriteProcessMemory request was completed. (0x12B)
[0515/163335.739:ERROR:process_memory_win.cc(73)] ReadMemory at 0x1e3f711be40 of 132 bytes failed: Only part of a ReadProcessMemory or WriteProcessMemory request was completed. (0x12B)
[0515/163335.739:ERROR:process_memory_win.cc(73)] ReadMemory at 0x1e3f711bf70 of 132 bytes failed: Only part of a ReadProcessMemory or WriteProcessMemory request was completed. (0x12B)
[0515/163335.739:ERROR:process_memory_win.cc(73)] ReadMemory at 0x1e3f711c0a0 of 132 bytes failed: Only part of a ReadProcessMemory or WriteProcessMemory request was completed. (0x12B)
[0515/163335.739:ERROR:process_memory_win.cc(73)] ReadMemory at 0x1e3f711c1d0 of 132 bytes failed: Only part of a ReadProcessMemory or WriteProcessMemory request was completed. (0x12B)
[0515/163335.739:ERROR:process_memory_win.cc(73)] ReadMemory at 0x1e3f711c300 of 132 bytes failed: Only part of a ReadProcessMemory or WriteProcessMemory request was completed. (0x12B)
[0515/163335.739:ERROR:process_memory_win.cc(73)] ReadMemory at 0x1e3f711c430 of 132 bytes failed: Only part of a ReadProcessMemory or WriteProcessMemory request was completed. (0x12B)
[0515/163335.740:ERROR:process_memory_win.cc(73)] ReadMemory at 0x1e3f711c560 of 132 bytes failed: Only part of a ReadProcessMemory or WriteProcessMemory request was completed. (0x12B)
[0515/163335.740:ERROR:process_memory_win.cc(73)] ReadMemory at 0x1e3f711c690 of 132 bytes failed: Only part of a ReadProcessMemory or WriteProcessMemory request was completed. (0x12B)
[0515/163335.740:ERROR:process_memory_win.cc(73)] ReadMemory at 0x1e3f711e900 of 132 bytes failed: Only part of a ReadProcessMemory or WriteProcessMemory request was completed. (0x12B)
[0515/163335.741:ERROR:process_memory_win.cc(73)] ReadMemory at 0x1e3f711ea30 of 146 bytes failed: Only part of a ReadProcessMemory or WriteProcessMemory request was completed. (0x12B)
[0515/163335.741:ERROR:process_memory_win.cc(73)] ReadMemory at 0x1e3f7120330 of 54 bytes failed: Only part of a ReadProcessMemory or WriteProcessMemory request was completed. (0x12B)
[0515/163335.741:ERROR:process_memory_win.cc(73)] ReadMemory at 0x1e3f7121cb0 of 132 bytes failed: Only part of a ReadProcessMemory or WriteProcessMemory request was completed. (0x12B)
[0515/163335.741:ERROR:process_memory_win.cc(73)] ReadMemory at 0x1e3f7123c40 of 132 bytes failed: Only part of a ReadProcessMemory or WriteProcessMemory request was completed. (0x12B)
[0515/163335.741:ERROR:process_memory_win.cc(73)] ReadMemory at 0x1e3f7123d70 of 132 bytes failed: Only part of a ReadProcessMemory or WriteProcessMemory request was completed. (0x12B)
[0515/163335.741:ERROR:process_memory_win.cc(73)] ReadMemory at 0x1e3f7123ea0 of 132 bytes failed: Only part of a ReadProcessMemory or WriteProcessMemory request was completed. (0x12B)
[0515/163335.741:ERROR:process_memory_win.cc(73)] ReadMemory at 0x1e3f7124200 of 132 bytes failed: Only part of a ReadProcessMemory or WriteProcessMemory request was completed. (0x12B)
[0515/163335.741:ERROR:process_memory_win.cc(73)] ReadMemory at 0x1e3f7124c20 of 132 bytes failed: Only part of a ReadProcessMemory or WriteProcessMemory request was completed. (0x12B)
[0515/163335.741:ERROR:process_memory_win.cc(73)] ReadMemory at 0x1e3f71250d0 of 78 bytes failed: Only part of a ReadProcessMemory or WriteProcessMemory request was completed. (0x12B)
[0515/163335.741:ERROR:process_memory_win.cc(73)] ReadMemory at 0x1e3f71256d0 of 80 bytes failed: Only part of a ReadProcessMemory or WriteProcessMemory request was completed. (0x12B)
[0515/163335.741:ERROR:process_memory_win.cc(73)] ReadMemory at 0x1e3f7125a30 of 76 bytes failed: Only part of a ReadProcessMemory or WriteProcessMemory request was completed. (0x12B)
[0515/163335.741:ERROR:process_memory_win.cc(73)] ReadMemory at 0x1e3f7125fb0 of 64 bytes failed: Only part of a ReadProcessMemory or WriteProcessMemory request was completed. (0x12B)
[0515/163335.741:ERROR:process_memory_win.cc(73)] ReadMemory at 0x1e3f71260a0 of 62 bytes failed: Only part of a ReadProcessMemory or WriteProcessMemory request was completed. (0x12B)
[0515/163335.741:ERROR:process_memory_win.cc(73)] ReadMemory at 0x1e3f7126140 of 64 bytes failed: Only part of a ReadProcessMemory or WriteProcessMemory request was completed. (0x12B)
[0515/163335.741:ERROR:process_memory_win.cc(73)] ReadMemory at 0x1e3f71261e0 of 62 bytes failed: Only part of a ReadProcessMemory or WriteProcessMemory request was completed. (0x12B)
[0515/163335.741:ERROR:process_memory_win.cc(73)] ReadMemory at 0x1e3f71262d0 of 64 bytes failed: Only part of a ReadProcessMemory or WriteProcessMemory request was completed. (0x12B)
[0515/163335.741:ERROR:process_memory_win.cc(73)] ReadMemory at 0x1e3f7126320 of 62 bytes failed: Only part of a ReadProcessMemory or WriteProcessMemory request was completed. (0x12B)
[0515/163335.741:ERROR:process_memory_win.cc(73)] ReadMemory at 0x1e3f7126370 of 62 bytes failed: Only part of a ReadProcessMemory or WriteProcessMemory request was completed. (0x12B)
[0515/163335.741:ERROR:process_memory_win.cc(73)] ReadMemory at 0x1e3f71263c0 of 62 bytes failed: Only part of a ReadProcessMemory or WriteProcessMemory request was completed. (0x12B)
[0515/163335.741:ERROR:process_memory_win.cc(73)] ReadMemory at 0x1e3f7126640 of 60 bytes failed: Only part of a ReadProcessMemory or WriteProcessMemory request was completed. (0x12B)
[0515/163335.741:ERROR:process_memory_win.cc(73)] ReadMemory at 0x1e3f7126870 of 60 bytes failed: Only part of a ReadProcessMemory or WriteProcessMemory request was completed. (0x12B)
[0515/163335.741:ERROR:process_memory_win.cc(73)] ReadMemory at 0x1e3f71268c0 of 64 bytes failed: Only part of a ReadProcessMemory or WriteProcessMemory request was completed. (0x12B)
[0515/163335.741:ERROR:process_memory_win.cc(73)] ReadMemory at 0x1e3f7126910 of 58 bytes failed: Only part of a ReadProcessMemory or WriteProcessMemory request was completed. (0x12B)
[0515/163335.741:ERROR:process_memory_win.cc(73)] ReadMemory at 0x1e3f71269b0 of 62 bytes failed: Only part of a ReadProcessMemory or WriteProcessMemory request was completed. (0x12B)
[0515/163335.741:ERROR:process_memory_win.cc(73)] ReadMemory at 0x1e3f7126b90 of 62 bytes failed: Only part of a ReadProcessMemory or WriteProcessMemory request was completed. (0x12B)
[0515/163335.741:ERROR:process_memory_win.cc(73)] ReadMemory at 0x1e3f7126c80 of 64 bytes failed: Only part of a ReadProcessMemory or WriteProcessMemory request was completed. (0x12B)
[0515/163335.741:ERROR:process_memory_win.cc(73)] ReadMemory at 0x1e3f7126cd0 of 66 bytes failed: Only part of a ReadProcessMemory or WriteProcessMemory request was completed. (0x12B)
[0515/163335.742:ERROR:process_memory_win.cc(73)] ReadMemory at 0x1e3f7126d20 of 62 bytes failed: Only part of a ReadProcessMemory or WriteProcessMemory request was completed. (0x12B)
[0515/163335.742:ERROR:process_memory_win.cc(73)] ReadMemory at 0x1e3f7126d70 of 60 bytes failed: Only part of a ReadProcessMemory or WriteProcessMemory request was completed. (0x12B)
[0515/163335.742:ERROR:process_memory_win.cc(73)] ReadMemory at 0x1e3f7126dc0 of 60 bytes failed: Only part of a ReadProcessMemory or WriteProcessMemory request was completed. (0x12B)
[0515/163335.742:ERROR:process_memory_win.cc(73)] ReadMemory at 0x1e3f7126e10 of 62 bytes failed: Only part of a ReadProcessMemory or WriteProcessMemory request was completed. (0x12B)
[0515/163335.742:ERROR:process_memory_win.cc(73)] ReadMemory at 0x1e3f7126f70 of 132 bytes failed: Only part of a ReadProcessMemory or WriteProcessMemory request was completed. (0x12B)
[0515/163335.742:ERROR:process_memory_win.cc(73)] ReadMemory at 0x1e3f71271d0 of 132 bytes failed: Only part of a ReadProcessMemory or WriteProcessMemory request was completed. (0x12B)
[0515/163335.742:ERROR:process_memory_win.cc(73)] ReadMemory at 0x1e3f7127560 of 132 bytes failed: Only part of a ReadProcessMemory or WriteProcessMemory request was completed. (0x12B)
[0515/163335.742:ERROR:process_memory_win.cc(73)] ReadMemory at 0x1e3f7127690 of 132 bytes failed: Only part of a ReadProcessMemory or WriteProcessMemory request was completed. (0x12B)
[0515/163335.742:ERROR:process_memory_win.cc(73)] ReadMemory at 0x1e3f71277c0 of 132 bytes failed: Only part of a ReadProcessMemory or WriteProcessMemory request was completed. (0x12B)
[0515/163335.743:ERROR:process_memory_win.cc(73)] ReadMemory at 0x1e3f71278f0 of 132 bytes failed: Only part of a ReadProcessMemory or WriteProcessMemory request was completed. (0x12B)
[0515/163335.743:ERROR:process_memory_win.cc(73)] ReadMemory at 0x1e3f7127a20 of 132 bytes failed: Only part of a ReadProcessMemory or WriteProcessMemory request was completed. (0x12B)
[0515/163335.743:ERROR:process_memory_win.cc(73)] ReadMemory at 0x1e3f7127b50 of 132 bytes failed: Only part of a ReadProcessMemory or WriteProcessMemory request was completed. (0x12B)
[0515/163335.743:ERROR:process_memory_win.cc(73)] ReadMemory at 0x1e3f7127c80 of 132 bytes failed: Only part of a ReadProcessMemory or WriteProcessMemory request was completed. (0x12B)
[0515/163335.743:ERROR:process_memory_win.cc(73)] ReadMemory at 0x1e3f7127db0 of 132 bytes failed: Only part of a ReadProcessMemory or WriteProcessMemory request was completed. (0x12B)
[0515/163335.743:ERROR:process_memory_win.cc(73)] ReadMemory at 0x1e3f7127ee0 of 132 bytes failed: Only part of a ReadProcessMemory or WriteProcessMemory request was completed. (0x12B)
[0515/163335.743:ERROR:process_memory_win.cc(73)] ReadMemory at 0x1e3f7128010 of 132 bytes failed: Only part of a ReadProcessMemory or WriteProcessMemory request was completed. (0x12B)
[0515/163335.743:ERROR:process_memory_win.cc(73)] ReadMemory at 0x1e3f7128140 of 132 bytes failed: Only part of a ReadProcessMemory or WriteProcessMemory request was completed. (0x12B)
[0515/163335.743:ERROR:process_memory_win.cc(73)] ReadMemory at 0x1e3f7128270 of 132 bytes failed: Only part of a ReadProcessMemory or WriteProcessMemory request was completed. (0x12B)
[0515/163335.743:ERROR:process_memory_win.cc(73)] ReadMemory at 0x1e3f71283a0 of 132 bytes failed: Only part of a ReadProcessMemory or WriteProcessMemory request was completed. (0x12B)
[0515/163335.743:ERROR:process_memory_win.cc(73)] ReadMemory at 0x1e3f7128600 of 132 bytes failed: Only part of a ReadProcessMemory or WriteProcessMemory request was completed. (0x12B)
[0515/163335.743:ERROR:process_memory_win.cc(73)] ReadMemory at 0x1e3f7128730 of 132 bytes failed: Only part of a ReadProcessMemory or WriteProcessMemory request was completed. (0x12B)
[0515/163335.743:ERROR:process_memory_win.cc(73)] ReadMemory at 0x1e3f7128860 of 132 bytes failed: Only part of a ReadProcessMemory or WriteProcessMemory request was completed. (0x12B)
[0515/163335.743:ERROR:process_memory_win.cc(73)] ReadMemory at 0x1e3f7128990 of 132 bytes failed: Only part of a ReadProcessMemory or WriteProcessMemory request was completed. (0x12B)
[0515/163335.743:ERROR:process_memory_win.cc(73)] ReadMemory at 0x1e3f7128ac0 of 132 bytes failed: Only part of a ReadProcessMemory or WriteProcessMemory request was completed. (0x12B)
[0515/163335.743:ERROR:process_memory_win.cc(73)] ReadMemory at 0x1e3f7128bf0 of 132 bytes failed: Only part of a ReadProcessMemory or WriteProcessMemory request was completed. (0x12B)
[0515/163335.743:ERROR:process_memory_win.cc(73)] ReadMemory at 0x1e3f713a470 of 58 bytes failed: Only part of a ReadProcessMemory or WriteProcessMemory request was completed. (0x12B)
[0515/163335.743:ERROR:process_memory_win.cc(73)] ReadMemory at 0x1e3f713a6f0 of 58 bytes failed: Only part of a ReadProcessMemory or WriteProcessMemory request was completed. (0x12B)
[0515/163335.743:ERROR:process_memory_win.cc(73)] ReadMemory at 0x1e3f713a7e0 of 58 bytes failed: Only part of a ReadProcessMemory or WriteProcessMemory request was completed. (0x12B)
[0515/163335.743:ERROR:process_memory_win.cc(73)] ReadMemory at 0x1e3f713a9c0 of 66 bytes failed: Only part of a ReadProcessMemory or WriteProcessMemory request was completed. (0x12B)
[0515/163335.743:ERROR:process_memory_win.cc(73)] ReadMemory at 0x1e3f713abf0 of 62 bytes failed: Only part of a ReadProcessMemory or WriteProcessMemory request was completed. (0x12B)
[0515/163335.744:ERROR:process_memory_win.cc(73)] ReadMemory at 0x1e3f713af60 of 60 bytes failed: Only part of a ReadProcessMemory or WriteProcessMemory request was completed. (0x12B)
[0515/163335.744:ERROR:process_memory_win.cc(73)] ReadMemory at 0x1e3f713b050 of 62 bytes failed: Only part of a ReadProcessMemory or WriteProcessMemory request was completed. (0x12B)
[0515/163335.744:ERROR:process_memory_win.cc(73)] ReadMemory at 0x1e3f713b140 of 60 bytes failed: Only part of a ReadProcessMemory or WriteProcessMemory request was completed. (0x12B)
[0515/163335.744:ERROR:process_memory_win.cc(73)] ReadMemory at 0x1e3f714da10 of 512 bytes failed: Only part of a ReadProcessMemory or WriteProcessMemory request was completed. (0x12B)
[0515/163335.744:ERROR:process_memory_win.cc(73)] ReadMemory at 0x1e3f714e010 of 512 bytes failed: Only part of a ReadProcessMemory or WriteProcessMemory request was completed. (0x12B)
[0515/163335.744:ERROR:process_memory_win.cc(73)] ReadMemory at 0x1e3f7815800 of 512 bytes failed: Only part of a ReadProcessMemory or WriteProcessMemory request was completed. (0x12B)
[0515/163335.744:ERROR:process_memory_win.cc(73)] ReadMemory at 0x1e3f7815da0 of 512 bytes failed: Only part of a ReadProcessMemory or WriteProcessMemory request was completed. (0x12B)
[0515/163335.744:ERROR:process_memory_win.cc(73)] ReadMemory at 0x1e3f78225a0 of 512 bytes failed: Only part of a ReadProcessMemory or WriteProcessMemory request was completed. (0x12B)
[0515/163335.744:ERROR:process_memory_win.cc(73)] ReadMemory at 0x1e3f7849a00 of 712 bytes failed: Only part of a ReadProcessMemory or WriteProcessMemory request was completed. (0x12B)
[0515/163335.744:ERROR:process_memory_win.cc(73)] ReadMemory at 0x1e3f922c160 of 512 bytes failed: Only part of a ReadProcessMemory or WriteProcessMemory request was completed. (0x12B)
[0515/163335.744:ERROR:process_memory_win.cc(73)] ReadMemory at 0x1e3f923e510 of 512 bytes failed: Only part of a ReadProcessMemory or WriteProcessMemory request was completed. (0x12B)
[0515/163335.744:ERROR:process_memory_win.cc(73)] ReadMemory at 0x1e3f9322740 of 512 bytes failed: Only part of a ReadProcessMemory or WriteProcessMemory request was completed. (0x12B)
[0515/163335.744:ERROR:process_memory_win.cc(73)] ReadMemory at 0x1e3f9380b40 of 512 bytes failed: Only part of a ReadProcessMemory or WriteProcessMemory request was completed. (0x12B)
[0515/163335.745:ERROR:process_memory_win.cc(73)] ReadMemory at 0x1e3f96b5710 of 512 bytes failed: Only part of a ReadProcessMemory or WriteProcessMemory request was completed. (0x12B)
[0515/163335.745:ERROR:process_memory_win.cc(73)] ReadMemory at 0x1e3fb459f38 of 512 bytes failed: Only part of a ReadProcessMemory or WriteProcessMemory request was completed. (0x12B)
[0515/163335.745:ERROR:process_memory_win.cc(73)] ReadMemory at 0x72e60881f27d of 512 bytes failed: Only part of a ReadProcessMemory or WriteProcessMemory request was completed. (0x12B)
[0515/163335.745:ERROR:process_memory_win.cc(73)] ReadMemory at 0x7a85f45a7f80 of 512 bytes failed: Only part of a ReadProcessMemory or WriteProcessMemory request was completed. (0x12B)
[0515/163335.745:ERROR:process_memory_win.cc(73)] ReadMemory at 0x7a85f4fb7f80 of 512 bytes failed: Only part of a ReadProcessMemory or WriteProcessMemory request was completed. (0x12B)
[0515/163335.745:ERROR:process_memory_win.cc(73)] ReadMemory at 0x7ffd8fbaf59e of 512 bytes failed: Only part of a ReadProcessMemory or WriteProcessMemory request was completed. (0x12B)
[0515/163335.745:ERROR:process_memory_win.cc(73)] ReadMemory at 0x7ffd9017971c of 512 bytes failed: Only part of a ReadProcessMemory or WriteProcessMemory request was completed. (0x12B)
[0515/163335.745:ERROR:process_memory_win.cc(73)] ReadMemory at 0x7ffddaa9a719 of 512 bytes failed: Only part of a ReadProcessMemory or WriteProcessMemory request was completed. (0x12B)
[0515/163335.745:ERROR:process_memory_win.cc(73)] ReadMemory at 0x7ffddaccc6e0 of 512 bytes failed: Only part of a ReadProcessMemory or WriteProcessMemory request was completed. (0x12B)
[0515/163335.745:ERROR:process_memory_win.cc(73)] ReadMemory at 0x7ffddd91c074 of 672 bytes failed: Only part of a ReadProcessMemory or WriteProcessMemory request was completed. (0x12B)
[0515/163335.745:ERROR:process_memory_win.cc(73)] ReadMemory at 0x7ffddd91c674 of 512 bytes failed: Only part of a ReadProcessMemory or WriteProcessMemory request was completed. (0x12B)
[0515/163335.745:ERROR:process_memory_win.cc(73)] ReadMemory at 0x7ffddd91f924 of 608 bytes failed: Only part of a ReadProcessMemory or WriteProcessMemory request was completed. (0x12B)
[0515/163335.745:ERROR:process_memory_win.cc(73)] ReadMemory at 0x7ffddd9ac428 of 18 bytes failed: Only part of a ReadProcessMemory or WriteProcessMemory request was completed. (0x12B)
[0515/163335.746:ERROR:process_memory_win.cc(73)] ReadMemory at 0x7ffddd9df4f8 of 40 bytes failed: Only part of a ReadProcessMemory or WriteProcessMemory request was completed. (0x12B)
[0515/163335.746:ERROR:process_memory_win.cc(73)] ReadMemory at 0x7ffddd9df978 of 48 bytes failed: Only part of a ReadProcessMemory or WriteProcessMemory request was completed. (0x12B)
[0515/163335.746:ERROR:process_memory_win.cc(73)] ReadMemory at 0x7ffddd9e53c0 of 64 bytes failed: Only part of a ReadProcessMemory or WriteProcessMemory request was completed. (0x12B)
[0515/163335.747:ERROR:scoped_process_suspend.cc(40)] NtResumeProcess: An attempt was made to access an exiting process. (0xc000010a)
[0515/183705.542:ERROR:process_memory_win.cc(73)] ReadMemory at 0x238000b3a30 of 32 bytes failed: Only part of a ReadProcessMemory or WriteProcessMemory request was completed. (0x12B)
[0515/183705.543:WARNING:pe_image_annotations_reader.cc(146)] could not read annotation at index 15 in C:\Program Files (x86)\Google\Chrome\Application\81.0.4044.138\chrome.dll
[0515/183705.544:ERROR:process_memory_win.cc(73)] ReadMemory at 0x238016a0000 of 64 bytes failed: Only part of a ReadProcessMemory or WriteProcessMemory request was completed. (0x12B)
[0515/183705.544:WARNING:pe_image_reader.cc(340)] could not read dos header from C:\windows\System32\USER32.dll
[0515/183705.550:ERROR:process_memory_win.cc(73)] ReadMemory at 0x7ff6db590000 of 64 bytes failed: Only part of a ReadProcessMemory or WriteProcessMemory request was completed. (0x12B)
[0515/183705.550:WARNING:pe_image_reader.cc(340)] could not read dos header from C:\Program Files (x86)\Google\Chrome\Application\chrome.exe
[0515/183705.550:ERROR:process_memory_win.cc(73)] ReadMemory at 0x2387cd60750 of 72 bytes failed: Only part of a ReadProcessMemory or WriteProcessMemory request was completed. (0x12B)
[0515/183705.550:WARNING:pe_image_annotations_reader.cc(134)] could not read annotations list object in C:\Program Files (x86)\Google\Chrome\Application\81.0.4044.138\chrome_elf.dll
[0515/183705.550:ERROR:process_memory_win.cc(73)] ReadMemory at 0x7ffd8dac0000 of 64 bytes failed: Only part of a ReadProcessMemory or WriteProcessMemory request was completed. (0x12B)
[0515/183705.550:WARNING:pe_image_reader.cc(340)] could not read dos header from C:\Program Files (x86)\Google\Chrome\Application\81.0.4044.138\chrome.dll
[0515/183705.551:ERROR:process_memory_win.cc(73)] ReadMemory at 0x238016a0000 of 64 bytes failed: Only part of a ReadProcessMemory or WriteProcessMemory request was completed. (0x12B)
[0515/183705.551:WARNING:pe_image_reader.cc(340)] could not read dos header from C:\windows\System32\USER32.dll
[0515/183705.551:ERROR:process_memory_win.cc(73)] ReadMemory at 0x7ff6db590000 of 64 bytes failed: Only part of a ReadProcessMemory or WriteProcessMemory request was completed. (0x12B)
[0515/183705.551:WARNING:pe_image_reader.cc(340)] could not read dos header from C:\Program Files (x86)\Google\Chrome\Application\chrome.exe
[0515/183705.551:ERROR:process_memory_win.cc(73)] ReadMemory at 0x2387cd60750 of 72 bytes failed: Only part of a ReadProcessMemory or WriteProcessMemory request was completed. (0x12B)
[0515/183705.551:WARNING:pe_image_annotations_reader.cc(134)] could not read annotations list object in C:\Program Files (x86)\Google\Chrome\Application\81.0.4044.138\chrome_elf.dll
[0515/183705.552:ERROR:process_memory_win.cc(73)] ReadMemory at 0x7ffd8dac0000 of 64 bytes failed: Only part of a ReadProcessMemory or WriteProcessMemory request was completed. (0x12B)
[0515/183705.552:WARNING:pe_image_reader.cc(340)] could not read dos header from C:\Program Files (x86)\Google\Chrome\Application\81.0.4044.138\chrome.dll
[0515/183705.552:ERROR:process_memory_win.cc(73)] ReadMemory at 0x238016a0000 of 64 bytes failed: Only part of a ReadProcessMemory or WriteProcessMemory request was completed. (0x12B)
[0515/183705.552:WARNING:pe_image_reader.cc(340)] could not read dos header from C:\windows\System32\USER32.dll
[0515/183705.565:ERROR:process_memory_win.cc(73)] ReadMemory at 0x7724ded000 of 77824 bytes failed: Only part of a ReadProcessMemory or WriteProcessMemory request was completed. (0x12B)
[0515/183705.565:ERROR:process_memory_win.cc(73)] ReadMemory at 0x77255fd000 of 12288 bytes failed: Only part of a ReadProcessMemory or WriteProcessMemory request was completed. (0x12B)
[0515/183705.565:ERROR:process_memory_win.cc(73)] ReadMemory at 0x7725df9000 of 28672 bytes failed: Only part of a ReadProcessMemory or WriteProcessMemory request was completed. (0x12B)
[0515/183705.566:ERROR:process_memory_win.cc(73)] ReadMemory at 0x77265fc000 of 16384 bytes failed: Only part of a ReadProcessMemory or WriteProcessMemory request was completed. (0x12B)
[0515/183705.566:ERROR:process_memory_win.cc(73)] ReadMemory at 0x7726dfc000 of 16384 bytes failed: Only part of a ReadProcessMemory or WriteProcessMemory request was completed. (0x12B)
[0515/183705.566:ERROR:process_memory_win.cc(73)] ReadMemory at 0x77275fe000 of 8192 bytes failed: Only part of a ReadProcessMemory or WriteProcessMemory request was completed. (0x12B)
[0515/183705.566:ERROR:process_memory_win.cc(73)] ReadMemory at 0x7727dfd000 of 12288 bytes failed: Only part of a ReadProcessMemory or WriteProcessMemory request was completed. (0x12B)
[0515/183705.566:ERROR:process_memory_win.cc(73)] ReadMemory at 0x77285fb000 of 20480 bytes failed: Only part of a ReadProcessMemory or WriteProcessMemory request was completed. (0x12B)
[0515/183705.566:ERROR:process_memory_win.cc(73)] ReadMemory at 0x77295fd000 of 12288 bytes failed: Only part of a ReadProcessMemory or WriteProcessMemory request was completed. (0x12B)
[0515/183705.566:ERROR:process_memory_win.cc(73)] ReadMemory at 0x7729dfd000 of 12288 bytes failed: Only part of a ReadProcessMemory or WriteProcessMemory request was completed. (0x12B)
[0515/183705.566:ERROR:process_memory_win.cc(73)] ReadMemory at 0x772a5fd000 of 12288 bytes failed: Only part of a ReadProcessMemory or WriteProcessMemory request was completed. (0x12B)
[0515/183705.566:ERROR:process_memory_win.cc(73)] ReadMemory at 0x772adfd000 of 12288 bytes failed: Only part of a ReadProcessMemory or WriteProcessMemory request was completed. (0x12B)
[0515/183705.566:ERROR:process_memory_win.cc(73)] ReadMemory at 0x7728dfc000 of 16384 bytes failed: Only part of a ReadProcessMemory or WriteProcessMemory request was completed. (0x12B)
[0515/183705.566:ERROR:process_memory_win.cc(73)] ReadMemory at 0x772b5fd000 of 12288 bytes failed: Only part of a ReadProcessMemory or WriteProcessMemory request was completed. (0x12B)
[0515/183705.567:ERROR:process_memory_win.cc(73)] ReadMemory at 0x7724400000 of 6024 bytes failed: Only part of a ReadProcessMemory or WriteProcessMemory request was completed. (0x12B)
[0515/183705.567:ERROR:process_memory_win.cc(73)] ReadMemory at 0x7724402000 of 6024 bytes failed: Only part of a ReadProcessMemory or WriteProcessMemory request was completed. (0x12B)
[0515/183705.567:ERROR:process_memory_win.cc(73)] ReadMemory at 0x7724404000 of 6024 bytes failed: Only part of a ReadProcessMemory or WriteProcessMemory request was completed. (0x12B)
[0515/183705.567:ERROR:process_memory_win.cc(73)] ReadMemory at 0x7724406000 of 6024 bytes failed: Only part of a ReadProcessMemory or WriteProcessMemory request was completed. (0x12B)
[0515/183705.567:ERROR:process_memory_win.cc(73)] ReadMemory at 0x7724408000 of 6024 bytes failed: Only part of a ReadProcessMemory or WriteProcessMemory request was completed. (0x12B)
[0515/183705.567:ERROR:process_memory_win.cc(73)] ReadMemory at 0x772440a000 of 6024 bytes failed: Only part of a ReadProcessMemory or WriteProcessMemory request was completed. (0x12B)
[0515/183705.567:ERROR:process_memory_win.cc(73)] ReadMemory at 0x772440c000 of 6024 bytes failed: Only part of a ReadProcessMemory or WriteProcessMemory request was completed. (0x12B)
[0515/183705.567:ERROR:process_memory_win.cc(73)] ReadMemory at 0x772440e000 of 6024 bytes failed: Only part of a ReadProcessMemory or WriteProcessMemory request was completed. (0x12B)
[0515/183705.567:ERROR:process_memory_win.cc(73)] ReadMemory at 0x7724412000 of 6024 bytes failed: Only part of a ReadProcessMemory or WriteProcessMemory request was completed. (0x12B)
[0515/183705.567:ERROR:process_memory_win.cc(73)] ReadMemory at 0x7724414000 of 6024 bytes failed: Only part of a ReadProcessMemory or WriteProcessMemory request was completed. (0x12B)
[0515/183705.567:ERROR:process_memory_win.cc(73)] ReadMemory at 0x7724416000 of 6024 bytes failed: Only part of a ReadProcessMemory or WriteProcessMemory request was completed. (0x12B)
[0515/183705.567:ERROR:process_memory_win.cc(73)] ReadMemory at 0x7724418000 of 6024 bytes failed: Only part of a ReadProcessMemory or WriteProcessMemory request was completed. (0x12B)
[0515/183705.567:ERROR:process_memory_win.cc(73)] ReadMemory at 0x772441e000 of 6024 bytes failed: Only part of a ReadProcessMemory or WriteProcessMemory request was completed. (0x12B)
[0515/183705.567:ERROR:process_memory_win.cc(73)] ReadMemory at 0x7724420000 of 6024 bytes failed: Only part of a ReadProcessMemory or WriteProcessMemory request was completed. (0x12B)
[0515/183705.567:ERROR:process_memory_win.cc(73)] ReadMemory at 0x77245fe000 of 852 bytes failed: Only part of a ReadProcessMemory or WriteProcessMemory request was completed. (0x12B)
[0515/183705.568:ERROR:process_memory_win.cc(73)] ReadMemory at 0x2140815c499 of 512 bytes failed: Only part of a ReadProcessMemory or WriteProcessMemory request was completed. (0x12B)
[0515/183705.568:ERROR:process_memory_win.cc(73)] ReadMemory at 0x23800040e80 of 512 bytes failed: Only part of a ReadProcessMemory or WriteProcessMemory request was completed. (0x12B)
[0515/183705.568:ERROR:process_memory_win.cc(73)] ReadMemory at 0x238000c5140 of 512 bytes failed: Only part of a ReadProcessMemory or WriteProcessMemory request was completed. (0x12B)
[0515/183705.568:ERROR:process_memory_win.cc(73)] ReadMemory at 0x238000c5980 of 512 bytes failed: Only part of a ReadProcessMemory or WriteProcessMemory request was completed. (0x12B)
[0515/183705.568:ERROR:process_memory_win.cc(73)] ReadMemory at 0x238000d1fe0 of 512 bytes failed: Only part of a ReadProcessMemory or WriteProcessMemory request was completed. (0x12B)
[0515/183705.568:ERROR:process_memory_win.cc(73)] ReadMemory at 0x238000ea930 of 712 bytes failed: Only part of a ReadProcessMemory or WriteProcessMemory request was completed. (0x12B)
[0515/183705.568:ERROR:process_memory_win.cc(73)] ReadMemory at 0x238000f5ec0 of 512 bytes failed: Only part of a ReadProcessMemory or WriteProcessMemory request was completed. (0x12B)
[0515/183705.568:ERROR:process_memory_win.cc(73)] ReadMemory at 0x23801b845b0 of 512 bytes failed: Only part of a ReadProcessMemory or WriteProcessMemory request was completed. (0x12B)
[0515/183705.568:ERROR:process_memory_win.cc(73)] ReadMemory at 0x23801ba8c30 of 512 bytes failed: Only part of a ReadProcessMemory or WriteProcessMemory request was completed. (0x12B)
[0515/183705.568:ERROR:process_memory_win.cc(73)] ReadMemory at 0x23801bb3630 of 512 bytes failed: Only part of a ReadProcessMemory or WriteProcessMemory request was completed. (0x12B)
[0515/183705.568:ERROR:process_memory_win.cc(73)] ReadMemory at 0x238022a8880 of 512 bytes failed: Only part of a ReadProcessMemory or WriteProcessMemory request was completed. (0x12B)
[0515/183705.568:ERROR:process_memory_win.cc(73)] ReadMemory at 0x23803fcb118 of 512 bytes failed: Only part of a ReadProcessMemory or WriteProcessMemory request was completed. (0x12B)
[0515/183705.568:ERROR:process_memory_win.cc(73)] ReadMemory at 0x2387cb30750 of 80 bytes failed: Only part of a ReadProcessMemory or WriteProcessMemory request was completed. (0x12B)
[0515/183705.568:ERROR:process_memory_win.cc(73)] ReadMemory at 0x2387cb30fe0 of 4068 bytes failed: Only part of a ReadProcessMemory or WriteProcessMemory request was completed. (0x12B)
[0515/183705.569:ERROR:process_memory_win.cc(73)] ReadMemory at 0x2387cb31fd0 of 1012 bytes failed: Only part of a ReadProcessMemory or WriteProcessMemory request was completed. (0x12B)
[0515/183705.569:ERROR:process_memory_win.cc(73)] ReadMemory at 0x2387cb32618 of 118 bytes failed: Only part of a ReadProcessMemory or WriteProcessMemory request was completed. (0x12B)
[0515/183705.569:ERROR:process_memory_win.cc(73)] ReadMemory at 0x2387cb32690 of 1258 bytes failed: Only part of a ReadProcessMemory or WriteProcessMemory request was completed. (0x12B)
[0515/183705.569:ERROR:process_memory_win.cc(73)] ReadMemory at 0x2387cb32b7c of 118 bytes failed: Only part of a ReadProcessMemory or WriteProcessMemory request was completed. (0x12B)
[0515/183705.569:ERROR:process_memory_win.cc(73)] ReadMemory at 0x2387cb32bf4 of 94 bytes failed: Only part of a ReadProcessMemory or WriteProcessMemory request was completed. (0x12B)
[0515/183705.569:ERROR:process_memory_win.cc(73)] ReadMemory at 0x2387cb32c60 of 58 bytes failed: Only part of a ReadProcessMemory or WriteProcessMemory request was completed. (0x12B)
[0515/183705.569:ERROR:process_memory_win.cc(73)] ReadMemory at 0x2387cb32d60 of 132 bytes failed: Only part of a ReadProcessMemory or WriteProcessMemory request was completed. (0x12B)
[0515/183705.569:ERROR:process_memory_win.cc(73)] ReadMemory at 0x2387cb32ef0 of 132 bytes failed: Only part of a ReadProcessMemory or WriteProcessMemory request was completed. (0x12B)
[0515/183705.569:ERROR:process_memory_win.cc(73)] ReadMemory at 0x2387cb330b0 of 126 bytes failed: Only part of a ReadProcessMemory or WriteProcessMemory request was completed. (0x12B)
[0515/183705.569:ERROR:process_memory_win.cc(73)] ReadMemory at 0x2387cb33490 of 132 bytes failed: Only part of a ReadProcessMemory or WriteProcessMemory request was completed. (0x12B)
[0515/183705.569:ERROR:process_memory_win.cc(73)] ReadMemory at 0x2387cb33620 of 64 bytes failed: Only part of a ReadProcessMemory or WriteProcessMemory request was completed. (0x12B)
[0515/183705.569:ERROR:process_memory_win.cc(73)] ReadMemory at 0x2387cb33750 of 132 bytes failed: Only part of a ReadProcessMemory or WriteProcessMemory request was completed. (0x12B)
[0515/183705.569:ERROR:process_memory_win.cc(73)] ReadMemory at 0x2387cb33a80 of 132 bytes failed: Only part of a ReadProcessMemory or WriteProcessMemory request was completed. (0x12B)
[0515/183705.569:ERROR:process_memory_win.cc(73)] ReadMemory at 0x2387cb33c10 of 68 bytes failed: Only part of a ReadProcessMemory or WriteProcessMemory request was completed. (0x12B)
[0515/183705.569:ERROR:process_memory_win.cc(73)] ReadMemory at 0x2387cb34cf0 of 132 bytes failed: Only part of a ReadProcessMemory or WriteProcessMemory request was completed. (0x12B)
[0515/183705.569:ERROR:process_memory_win.cc(73)] ReadMemory at 0x2387cb34e60 of 132 bytes failed: Only part of a ReadProcessMemory or WriteProcessMemory request was completed. (0x12B)
[0515/183705.570:ERROR:process_memory_win.cc(73)] ReadMemory at 0x2387cb34fd0 of 154 bytes failed: Only part of a ReadProcessMemory or WriteProcessMemory request was completed. (0x12B)
[0515/183705.570:ERROR:process_memory_win.cc(73)] ReadMemory at 0x2387cb35d50 of 62 bytes failed: Only part of a ReadProcessMemory or WriteProcessMemory request was completed. (0x12B)
[0515/183705.570:ERROR:process_memory_win.cc(73)] ReadMemory at 0x2387cb35da0 of 132 bytes failed: Only part of a ReadProcessMemory or WriteProcessMemory request was completed. (0x12B)
[0515/183705.570:ERROR:process_memory_win.cc(73)] ReadMemory at 0x2387cb35f40 of 60 bytes failed: Only part of a ReadProcessMemory or WriteProcessMemory request was completed. (0x12B)
[0515/183705.570:ERROR:process_memory_win.cc(73)] ReadMemory at 0x2387cb364b0 of 132 bytes failed: Only part of a ReadProcessMemory or WriteProcessMemory request was completed. (0x12B)
[0515/183705.570:ERROR:process_memory_win.cc(73)] ReadMemory at 0x2387cb38270 of 132 bytes failed: Only part of a ReadProcessMemory or WriteProcessMemory request was completed. (0x12B)
[0515/183705.570:ERROR:process_memory_win.cc(73)] ReadMemory at 0x2387cb3b1c0 of 64 bytes failed: Only part of a ReadProcessMemory or WriteProcessMemory request was completed. (0x12B)
[0515/183705.570:ERROR:process_memory_win.cc(73)] ReadMemory at 0x2387cb3b260 of 62 bytes failed: Only part of a ReadProcessMemory or WriteProcessMemory request was completed. (0x12B)
[0515/183705.570:ERROR:process_memory_win.cc(73)] ReadMemory at 0x2387cb3b2b0 of 64 bytes failed: Only part of a ReadProcessMemory or WriteProcessMemory request was completed. (0x12B)
[0515/183705.570:ERROR:process_memory_win.cc(73)] ReadMemory at 0x2387cb3b350 of 64 bytes failed: Only part of a ReadProcessMemory or WriteProcessMemory request was completed. (0x12B)
[0515/183705.570:ERROR:process_memory_win.cc(73)] ReadMemory at 0x2387cb3b4e0 of 60 bytes failed: Only part of a ReadProcessMemory or WriteProcessMemory request was completed. (0x12B)
[0515/183705.570:ERROR:process_memory_win.cc(73)] ReadMemory at 0x2387cb3b580 of 66 bytes failed: Only part of a ReadProcessMemory or WriteProcessMemory request was completed. (0x12B)
[0515/183705.570:ERROR:process_memory_win.cc(73)] ReadMemory at 0x2387cb3b5d0 of 62 bytes failed: Only part of a ReadProcessMemory or WriteProcessMemory request was completed. (0x12B)
[0515/183705.570:ERROR:process_memory_win.cc(73)] ReadMemory at 0x2387cb3b670 of 60 bytes failed: Only part of a ReadProcessMemory or WriteProcessMemory request was completed. (0x12B)
[0515/183705.571:ERROR:process_memory_win.cc(73)] ReadMemory at 0x2387cb3b760 of 64 bytes failed: Only part of a ReadProcessMemory or WriteProcessMemory request was completed. (0x12B)
[0515/183705.571:ERROR:process_memory_win.cc(73)] ReadMemory at 0x2387cb3b980 of 132 bytes failed: Only part of a ReadProcessMemory or WriteProcessMemory request was completed. (0x12B)
[0515/183705.571:ERROR:process_memory_win.cc(73)] ReadMemory at 0x2387cb3bab0 of 132 bytes failed: Only part of a ReadProcessMemory or WriteProcessMemory request was completed. (0x12B)
[0515/183705.571:ERROR:process_memory_win.cc(73)] ReadMemory at 0x2387cb3bbe0 of 132 bytes failed: Only part of a ReadProcessMemory or WriteProcessMemory request was completed. (0x12B)
[0515/183705.571:ERROR:process_memory_win.cc(73)] ReadMemory at 0x2387cb3bd10 of 132 bytes failed: Only part of a ReadProcessMemory or WriteProcessMemory request was completed. (0x12B)
[0515/183705.571:ERROR:process_memory_win.cc(73)] ReadMemory at 0x2387cb3be40 of 132 bytes failed: Only part of a ReadProcessMemory or WriteProcessMemory request was completed. (0x12B)
[0515/183705.571:ERROR:process_memory_win.cc(73)] ReadMemory at 0x2387cb3bf70 of 132 bytes failed: Only part of a ReadProcessMemory or WriteProcessMemory request was completed. (0x12B)
[0515/183705.571:ERROR:process_memory_win.cc(73)] ReadMemory at 0x2387cb3c0a0 of 132 bytes failed: Only part of a ReadProcessMemory or WriteProcessMemory request was completed. (0x12B)
[0515/183705.571:ERROR:process_memory_win.cc(73)] ReadMemory at 0x2387cb3c300 of 132 bytes failed: Only part of a ReadProcessMemory or WriteProcessMemory request was completed. (0x12B)
[0515/183705.571:ERROR:process_memory_win.cc(73)] ReadMemory at 0x2387cb3c430 of 132 bytes failed: Only part of a ReadProcessMemory or WriteProcessMemory request was completed. (0x12B)
[0515/183705.571:ERROR:process_memory_win.cc(73)] ReadMemory at 0x2387cb3c560 of 132 bytes failed: Only part of a ReadProcessMemory or WriteProcessMemory request was completed. (0x12B)
[0515/183705.571:ERROR:process_memory_win.cc(73)] ReadMemory at 0x2387cb3c690 of 132 bytes failed: Only part of a ReadProcessMemory or WriteProcessMemory request was completed. (0x12B)
[0515/183705.571:ERROR:process_memory_win.cc(73)] ReadMemory at 0x2387cb3c7c0 of 132 bytes failed: Only part of a ReadProcessMemory or WriteProcessMemory request was completed. (0x12B)
[0515/183705.571:ERROR:process_memory_win.cc(73)] ReadMemory at 0x2387cb3e900 of 132 bytes failed: Only part of a ReadProcessMemory or WriteProcessMemory request was completed. (0x12B)
[0515/183705.571:ERROR:process_memory_win.cc(73)] ReadMemory at 0x2387cb3ea30 of 146 bytes failed: Only part of a ReadProcessMemory or WriteProcessMemory request was completed. (0x12B)
[0515/183705.571:ERROR:process_memory_win.cc(73)] ReadMemory at 0x2387cb3f930 of 54 bytes failed: Only part of a ReadProcessMemory or WriteProcessMemory request was completed. (0x12B)
[0515/183705.572:ERROR:process_memory_win.cc(73)] ReadMemory at 0x2387cb41cb0 of 132 bytes failed: Only part of a ReadProcessMemory or WriteProcessMemory request was completed. (0x12B)
[0515/183705.572:ERROR:process_memory_win.cc(73)] ReadMemory at 0x2387cb43c40 of 132 bytes failed: Only part of a ReadProcessMemory or WriteProcessMemory request was completed. (0x12B)
[0515/183705.572:ERROR:process_memory_win.cc(73)] ReadMemory at 0x2387cb43d70 of 132 bytes failed: Only part of a ReadProcessMemory or WriteProcessMemory request was completed. (0x12B)
[0515/183705.572:ERROR:process_memory_win.cc(73)] ReadMemory at 0x2387cb43ea0 of 132 bytes failed: Only part of a ReadProcessMemory or WriteProcessMemory request was completed. (0x12B)
[0515/183705.572:ERROR:process_memory_win.cc(73)] ReadMemory at 0x2387cb44200 of 132 bytes failed: Only part of a ReadProcessMemory or WriteProcessMemory request was completed. (0x12B)
[0515/183705.572:ERROR:process_memory_win.cc(73)] ReadMemory at 0x2387cb44c20 of 132 bytes failed: Only part of a ReadProcessMemory or WriteProcessMemory request was completed. (0x12B)
[0515/183705.572:ERROR:process_memory_win.cc(73)] ReadMemory at 0x2387cb45010 of 78 bytes failed: Only part of a ReadProcessMemory or WriteProcessMemory request was completed. (0x12B)
[0515/183705.572:ERROR:process_memory_win.cc(73)] ReadMemory at 0x2387cb456d0 of 76 bytes failed: Only part of a ReadProcessMemory or WriteProcessMemory request was completed. (0x12B)
[0515/183705.572:ERROR:process_memory_win.cc(73)] ReadMemory at 0x2387cb45730 of 80 bytes failed: Only part of a ReadProcessMemory or WriteProcessMemory request was completed. (0x12B)
[0515/183705.572:ERROR:process_memory_win.cc(73)] ReadMemory at 0x2387cb46140 of 66 bytes failed: Only part of a ReadProcessMemory or WriteProcessMemory request was completed. (0x12B)
[0515/183705.572:ERROR:process_memory_win.cc(73)] ReadMemory at 0x2387cb46280 of 60 bytes failed: Only part of a ReadProcessMemory or WriteProcessMemory request was completed. (0x12B)
[0515/183705.572:ERROR:process_memory_win.cc(73)] ReadMemory at 0x2387cb46320 of 62 bytes failed: Only part of a ReadProcessMemory or WriteProcessMemory request was completed. (0x12B)
[0515/183705.572:ERROR:process_memory_win.cc(73)] ReadMemory at 0x2387cb463c0 of 62 bytes failed: Only part of a ReadProcessMemory or WriteProcessMemory request was completed. (0x12B)
[0515/183705.572:ERROR:process_memory_win.cc(73)] ReadMemory at 0x2387cb464b0 of 62 bytes failed: Only part of a ReadProcessMemory or WriteProcessMemory request was completed. (0x12B)
[0515/183705.572:ERROR:process_memory_win.cc(73)] ReadMemory at 0x2387cb46500 of 60 bytes failed: Only part of a ReadProcessMemory or WriteProcessMemory request was completed. (0x12B)
[0515/183705.573:ERROR:process_memory_win.cc(73)] ReadMemory at 0x2387cb465a0 of 64 bytes failed: Only part of a ReadProcessMemory or WriteProcessMemory request was completed. (0x12B)
[0515/183705.573:ERROR:process_memory_win.cc(73)] ReadMemory at 0x2387cb465f0 of 62 bytes failed: Only part of a ReadProcessMemory or WriteProcessMemory request was completed. (0x12B)
[0515/183705.573:ERROR:process_memory_win.cc(73)] ReadMemory at 0x2387cb46640 of 62 bytes failed: Only part of a ReadProcessMemory or WriteProcessMemory request was completed. (0x12B)
[0515/183705.573:ERROR:process_memory_win.cc(73)] ReadMemory at 0x2387cb466e0 of 64 bytes failed: Only part of a ReadProcessMemory or WriteProcessMemory request was completed. (0x12B)
[0515/183705.574:ERROR:process_memory_win.cc(73)] ReadMemory at 0x2387cb46910 of 62 bytes failed: Only part of a ReadProcessMemory or WriteProcessMemory request was completed. (0x12B)
[0515/183705.574:ERROR:process_memory_win.cc(73)] ReadMemory at 0x2387cb469b0 of 58 bytes failed: Only part of a ReadProcessMemory or WriteProcessMemory request was completed. (0x12B)
[0515/183705.574:ERROR:process_memory_win.cc(73)] ReadMemory at 0x2387cb46a50 of 62 bytes failed: Only part of a ReadProcessMemory or WriteProcessMemory request was completed. (0x12B)
[0515/183705.574:ERROR:process_memory_win.cc(73)] ReadMemory at 0x2387cb46aa0 of 64 bytes failed: Only part of a ReadProcessMemory or WriteProcessMemory request was completed. (0x12B)
[0515/183705.574:ERROR:process_memory_win.cc(73)] ReadMemory at 0x2387cb46b40 of 62 bytes failed: Only part of a ReadProcessMemory or WriteProcessMemory request was completed. (0x12B)
[0515/183705.574:ERROR:process_memory_win.cc(73)] ReadMemory at 0x2387cb46b90 of 60 bytes failed: Only part of a ReadProcessMemory or WriteProcessMemory request was completed. (0x12B)
[0515/183705.574:ERROR:process_memory_win.cc(73)] ReadMemory at 0x2387cb46be0 of 64 bytes failed: Only part of a ReadProcessMemory or WriteProcessMemory request was completed. (0x12B)
[0515/183705.575:ERROR:process_memory_win.cc(73)] ReadMemory at 0x2387cb46c30 of 60 bytes failed: Only part of a ReadProcessMemory or WriteProcessMemory request was completed. (0x12B)
[0515/183705.575:ERROR:process_memory_win.cc(73)] ReadMemory at 0x2387cb46e60 of 62 bytes failed: Only part of a ReadProcessMemory or WriteProcessMemory request was completed. (0x12B)
[0515/183705.575:ERROR:process_memory_win.cc(73)] ReadMemory at 0x2387cb46eb0 of 64 bytes failed: Only part of a ReadProcessMemory or WriteProcessMemory request was completed. (0x12B)
[0515/183705.575:ERROR:process_memory_win.cc(73)] ReadMemory at 0x2387cb46f70 of 132 bytes failed: Only part of a ReadProcessMemory or WriteProcessMemory request was completed. (0x12B)
[0515/183705.575:ERROR:process_memory_win.cc(73)] ReadMemory at 0x2387cb470a0 of 132 bytes failed: Only part of a ReadProcessMemory or WriteProcessMemory request was completed. (0x12B)
[0515/183705.575:ERROR:process_memory_win.cc(73)] ReadMemory at 0x2387cb471d0 of 132 bytes failed: Only part of a ReadProcessMemory or WriteProcessMemory request was completed. (0x12B)
[0515/183705.575:ERROR:process_memory_win.cc(73)] ReadMemory at 0x2387cb47430 of 132 bytes failed: Only part of a ReadProcessMemory or WriteProcessMemory request was completed. (0x12B)
[0515/183705.575:ERROR:process_memory_win.cc(73)] ReadMemory at 0x2387cb47560 of 132 bytes failed: Only part of a ReadProcessMemory or WriteProcessMemory request was completed. (0x12B)
[0515/183705.575:ERROR:process_memory_win.cc(73)] ReadMemory at 0x2387cb47690 of 132 bytes failed: Only part of a ReadProcessMemory or WriteProcessMemory request was completed. (0x12B)
[0515/183705.575:ERROR:process_memory_win.cc(73)] ReadMemory at 0x2387cb477c0 of 132 bytes failed: Only part of a ReadProcessMemory or WriteProcessMemory request was completed. (0x12B)
[0515/183705.576:ERROR:process_memory_win.cc(73)] ReadMemory at 0x2387cb478f0 of 132 bytes failed: Only part of a ReadProcessMemory or WriteProcessMemory request was completed. (0x12B)
[0515/183705.576:ERROR:process_memory_win.cc(73)] ReadMemory at 0x2387cb47a20 of 132 bytes failed: Only part of a ReadProcessMemory or WriteProcessMemory request was completed. (0x12B)
[0515/183705.576:ERROR:process_memory_win.cc(73)] ReadMemory at 0x2387cb47b50 of 132 bytes failed: Only part of a ReadProcessMemory or WriteProcessMemory request was completed. (0x12B)
[0515/183705.576:ERROR:process_memory_win.cc(73)] ReadMemory at 0x2387cb47c80 of 132 bytes failed: Only part of a ReadProcessMemory or WriteProcessMemory request was completed. (0x12B)
[0515/183705.576:ERROR:process_memory_win.cc(73)] ReadMemory at 0x2387cb47db0 of 132 bytes failed: Only part of a ReadProcessMemory or WriteProcessMemory request was completed. (0x12B)
[0515/183705.576:ERROR:process_memory_win.cc(73)] ReadMemory at 0x2387cb47ee0 of 132 bytes failed: Only part of a ReadProcessMemory or WriteProcessMemory request was completed. (0x12B)
[0515/183705.576:ERROR:process_memory_win.cc(73)] ReadMemory at 0x2387cb48140 of 132 bytes failed: Only part of a ReadProcessMemory or WriteProcessMemory request was completed. (0x12B)
[0515/183705.576:ERROR:process_memory_win.cc(73)] ReadMemory at 0x2387cb484d0 of 132 bytes failed: Only part of a ReadProcessMemory or WriteProcessMemory request was completed. (0x12B)
[0515/183705.576:ERROR:process_memory_win.cc(73)] ReadMemory at 0x2387cb48730 of 132 bytes failed: Only part of a ReadProcessMemory or WriteProcessMemory request was completed. (0x12B)
[0515/183705.576:ERROR:process_memory_win.cc(73)] ReadMemory at 0x2387cb48860 of 132 bytes failed: Only part of a ReadProcessMemory or WriteProcessMemory request was completed. (0x12B)
[0515/183705.576:ERROR:process_memory_win.cc(73)] ReadMemory at 0x2387cb48990 of 132 bytes failed: Only part of a ReadProcessMemory or WriteProcessMemory request was completed. (0x12B)
[0515/183705.577:ERROR:process_memory_win.cc(73)] ReadMemory at 0x2387cb48ac0 of 132 bytes failed: Only part of a ReadProcessMemory or WriteProcessMemory request was completed. (0x12B)
[0515/183705.577:ERROR:process_memory_win.cc(73)] ReadMemory at 0x2387cb48bf0 of 132 bytes failed: Only part of a ReadProcessMemory or WriteProcessMemory request was completed. (0x12B)
[0515/183705.577:ERROR:process_memory_win.cc(73)] ReadMemory at 0x2387cb48d20 of 132 bytes failed: Only part of a ReadProcessMemory or WriteProcessMemory request was completed. (0x12B)
[0515/183705.577:ERROR:process_memory_win.cc(73)] ReadMemory at 0x2387cb5a6a0 of 62 bytes failed: Only part of a ReadProcessMemory or WriteProcessMemory request was completed. (0x12B)
[0515/183705.577:ERROR:process_memory_win.cc(73)] ReadMemory at 0x2387cb5a6f0 of 62 bytes failed: Only part of a ReadProcessMemory or WriteProcessMemory request was completed. (0x12B)
[0515/183705.577:ERROR:process_memory_win.cc(73)] ReadMemory at 0x2387cb5a740 of 60 bytes failed: Only part of a ReadProcessMemory or WriteProcessMemory request was completed. (0x12B)
[0515/183705.577:ERROR:process_memory_win.cc(73)] ReadMemory at 0x2387cb5a790 of 58 bytes failed: Only part of a ReadProcessMemory or WriteProcessMemory request was completed. (0x12B)
[0515/183705.577:ERROR:process_memory_win.cc(73)] ReadMemory at 0x2387cb5a7e0 of 60 bytes failed: Only part of a ReadProcessMemory or WriteProcessMemory request was completed. (0x12B)
[0515/183705.577:ERROR:process_memory_win.cc(73)] ReadMemory at 0x2387cb5ac90 of 66 bytes failed: Only part of a ReadProcessMemory or WriteProcessMemory request was completed. (0x12B)
[0515/183705.577:ERROR:process_memory_win.cc(73)] ReadMemory at 0x2387cb5af10 of 58 bytes failed: Only part of a ReadProcessMemory or WriteProcessMemory request was completed. (0x12B)
[0515/183705.577:ERROR:process_memory_win.cc(73)] ReadMemory at 0x2387cb5b280 of 58 bytes failed: Only part of a ReadProcessMemory or WriteProcessMemory request was completed. (0x12B)
[0515/183705.577:ERROR:process_memory_win.cc(73)] ReadMemory at 0x2387cb6b220 of 512 bytes failed: Only part of a ReadProcessMemory or WriteProcessMemory request was completed. (0x12B)
[0515/183705.577:ERROR:process_memory_win.cc(73)] ReadMemory at 0x2387cb6bfc0 of 512 bytes failed: Only part of a ReadProcessMemory or WriteProcessMemory request was completed. (0x12B)
[0515/183705.577:ERROR:process_memory_win.cc(73)] ReadMemory at 0x7ffd8fbaf59e of 512 bytes failed: Only part of a ReadProcessMemory or WriteProcessMemory request was completed. (0x12B)
[0515/183705.577:ERROR:process_memory_win.cc(73)] ReadMemory at 0x7ffd9017971c of 512 bytes failed: Only part of a ReadProcessMemory or WriteProcessMemory request was completed. (0x12B)
[0515/183705.578:ERROR:process_memory_win.cc(73)] ReadMemory at 0x7ffddaa9a719 of 512 bytes failed: Only part of a ReadProcessMemory or WriteProcessMemory request was completed. (0x12B)
[0515/183705.578:ERROR:process_memory_win.cc(73)] ReadMemory at 0x7ffddaccc6e0 of 512 bytes failed: Only part of a ReadProcessMemory or WriteProcessMemory request was completed. (0x12B)
[0515/183705.578:ERROR:process_memory_win.cc(73)] ReadMemory at 0x7ffddd91c074 of 672 bytes failed: Only part of a ReadProcessMemory or WriteProcessMemory request was completed. (0x12B)
[0515/183705.578:ERROR:process_memory_win.cc(73)] ReadMemory at 0x7ffddd91c674 of 512 bytes failed: Only part of a ReadProcessMemory or WriteProcessMemory request was completed. (0x12B)
[0515/183705.578:ERROR:process_memory_win.cc(73)] ReadMemory at 0x7ffddd91f924 of 608 bytes failed: Only part of a ReadProcessMemory or WriteProcessMemory request was completed. (0x12B)
[0515/183705.578:ERROR:process_memory_win.cc(73)] ReadMemory at 0x7ffddd9ac428 of 18 bytes failed: Only part of a ReadProcessMemory or WriteProcessMemory request was completed. (0x12B)
[0515/183705.578:ERROR:process_memory_win.cc(73)] ReadMemory at 0x7ffddd9df4f8 of 40 bytes failed: Only part of a ReadProcessMemory or WriteProcessMemory request was completed. (0x12B)
[0515/183705.578:ERROR:process_memory_win.cc(73)] ReadMemory at 0x7ffddd9df978 of 48 bytes failed: Only part of a ReadProcessMemory or WriteProcessMemory request was completed. (0x12B)
[0515/183705.578:ERROR:process_memory_win.cc(73)] ReadMemory at 0x7ffddd9e53c0 of 64 bytes failed: Only part of a ReadProcessMemory or WriteProcessMemory request was completed. (0x12B)
[0515/183705.579:ERROR:scoped_process_suspend.cc(40)] NtResumeProcess: An attempt was made to access an exiting process. (0xc000010a)
